<?xml version="1.0" encoding="UTF-8"?>
<!-- Generated by org.testng.reporters.JUnitReportReporter -->
<testsuite hostname="DESKTOP-U91M48G" failures="0" tests="2" name="com.tests.loginPageTest" time="40.934" errors="0" timestamp="2024-06-11T18:41:56 IST" skipped="0">
  <testcase classname="com.tests.loginPageTest" name="TestLogin" time="40.934"/>
  <testcase classname="com.tests.loginPageTest" name="pageURL" time="0.000"/>
</testsuite> <!-- com.tests.loginPageTest -->
